Loading libraries, please wait...
[12:17:38 INFO]: Starting minecraft server version 1.11.1
[12:17:38 INFO]: Loading properties
[12:17:38 INFO]: Default game type: SURVIVAL
[12:17:38 INFO]: Generating keypair
[12:17:38 INFO]: Starting Minecraft server on *:25565
[12:17:38 INFO]: Using epoll channel type
[12:17:38 INFO]: This server is running CraftBukkit version git-Bukkit-8ea0c87 (MC: 1.11.1) (Implementing API version 1.11.1-R0.1-SNAPSHOT)
[12:17:38 ERROR]: Could not load 'plugins/installer_b80_19.jar' in folder 'plugins'
org.bukkit.plugin.InvalidDescriptionException: Invalid plugin.yml
	at org.bukkit.plugin.java.JavaPluginLoader.getPluginDescription(JavaPluginLoader.java:150) ~[craftbukkit.jar:git-Bukkit-8ea0c87]
	at org.bukkit.plugin.SimplePluginManager.loadPlugins(SimplePluginManager.java:133) [craftbukkit.jar:git-Bukkit-8ea0c87]
	at org.bukkit.craftbukkit.v1_11_R1.CraftServer.loadPlugins(CraftServer.java:297) [craftbukkit.jar:git-Bukkit-8ea0c87]
	at org.bukkit.craftbukkit.v1_11_R1.CraftServer.<init>(CraftServer.java:259) [craftbukkit.jar:git-Bukkit-8ea0c87]
	at net.minecraft.server.v1_11_R1.PlayerList.<init>(PlayerList.java:73) [craftbukkit.jar:git-Bukkit-8ea0c87]
	at net.minecraft.server.v1_11_R1.DedicatedPlayerList.<init>(SourceFile:14) [craftbukkit.jar:git-Bukkit-8ea0c87]
	at net.minecraft.server.v1_11_R1.DedicatedServer.init(DedicatedServer.java:185) [craftbukkit.jar:git-Bukkit-8ea0c87]
	at net.minecraft.server.v1_11_R1.MinecraftServer.run(MinecraftServer.java:521) [craftbukkit.jar:git-Bukkit-8ea0c87]
	at java.lang.Thread.run(Thread.java:745) [?:1.8.0_91]
Caused by: java.io.FileNotFoundException: Jar does not contain plugin.yml
	... 9 more
[12:17:38 WARN]: **** SERVER IS RUNNING IN OFFLINE/INSECURE MODE!
[12:17:38 WARN]: The server will make no attempt to authenticate usernames. Beware.
[12:17:38 WARN]: While this makes the game possible to play without internet access, it also opens up the ability for hackers to connect with any username they choose.
[12:17:38 WARN]: To change this, set "online-mode" to "true" in the server.properties file.
[12:17:38 INFO]: Preparing level "world"
[12:17:39 INFO]: Preparing start region for level 0 (Seed: -3528291572991477543)
[12:17:40 INFO]: Stopping server
